<?xml version="1.0" encoding="utf-8"?><testsuites name="pytest tests"><testsuite name="pytest" errors="0" failures="0" skipped="0" tests="15" time="2.727" timestamp="2026-02-20T19:33:40.454653+00:00" hostname="agent-env-c912327f-a792-4558-8c73-0df1a77d9829"><testcase classname="backend.tests.test_brown_bread_watch.TestBrownBreadWatchAPI" name="test_brown_bread_watch_endpoint_returns_200" time="0.280" /><testcase classname="backend.tests.test_brown_bread_watch.TestBrownBreadWatchAPI" name="test_brown_bread_watch_returns_watch_list" time="0.138" /><testcase classname="backend.tests.test_brown_bread_watch.TestBrownBreadWatchAPI" name="test_brown_bread_watch_celebrities_have_required_fields" time="0.134" /><testcase classname="backend.tests.test_brown_bread_watch.TestBrownBreadWatchAPI" name="test_brown_bread_watch_all_celebrities_aged_60_plus" time="0.167" /><testcase classname="backend.tests.test_brown_bread_watch.TestBrownBreadWatchAPI" name="test_brown_bread_watch_risk_levels_are_valid" time="0.167" /><testcase classname="backend.tests.test_brown_bread_watch.TestBrownBreadRiskLevelCalculation" name="test_critical_risk_for_age_90_plus" time="0.128" /><testcase classname="backend.tests.test_brown_bread_watch.TestBrownBreadRiskLevelCalculation" name="test_high_risk_for_age_80_to_89" time="0.141" /><testcase classname="backend.tests.test_brown_bread_watch.TestBrownBreadRiskLevelCalculation" name="test_elevated_risk_for_age_70_to_79" time="0.216" /><testcase classname="backend.tests.test_brown_bread_watch.TestBrownBreadRiskLevelCalculation" name="test_moderate_risk_for_age_60_to_69" time="0.209" /><testcase classname="backend.tests.test_brown_bread_watch.TestBrownBreadWatchSorting" name="test_watch_list_sorted_by_age_descending" time="0.140" /><testcase classname="backend.tests.test_brown_bread_watch.TestBrownBreadWatchCelebrityData" name="test_seeded_elderly_celebrities_present" time="0.218" /><testcase classname="backend.tests.test_brown_bread_watch.TestBrownBreadWatchCelebrityData" name="test_celebrities_have_images" time="0.173" /><testcase classname="backend.tests.test_brown_bread_watch.TestBrownBreadWatchCelebrityData" name="test_celebrities_have_prices" time="0.149" /><testcase classname="backend.tests.test_brown_bread_watch.TestBrownBreadWatchCelebrityData" name="test_celebrities_are_not_deceased" time="0.123" /><testcase classname="backend.tests.test_brown_bread_watch.TestBrownBreadWatchIntegration" name="test_watch_list_celebrity_can_be_searched" time="0.278" /></testsuite></testsuites>