<?xml version="1.0" encoding="utf-8"?><testsuites name="pytest tests"><testsuite name="pytest" errors="0" failures="0" skipped="0" tests="12" time="5.267" timestamp="2026-02-22T17:46:23.927090+00:00" hostname="agent-env-d2da2426-50c4-4d3f-a7c1-2fca4bd1cb73"><testcase classname="backend.tests.test_iteration_18_price_changes.TestPriceChangePreview" name="test_price_change_preview_endpoint_exists" time="0.169" /><testcase classname="backend.tests.test_iteration_18_price_changes.TestPriceChangePreview" name="test_price_change_preview_structure" time="0.127" /><testcase classname="backend.tests.test_iteration_18_price_changes.TestWeeklyPriceReset" name="test_weekly_price_reset_endpoint_exists" time="1.008" /><testcase classname="backend.tests.test_iteration_18_price_changes.TestWeeklyPriceReset" name="test_weekly_price_reset_summary_structure" time="0.995" /><testcase classname="backend.tests.test_iteration_18_price_changes.TestCelebrityPreviousWeekPrice" name="test_celebrity_search_includes_previous_week_price" time="0.143" /><testcase classname="backend.tests.test_iteration_18_price_changes.TestCelebrityPreviousWeekPrice" name="test_category_celebrities_include_previous_week_price" time="0.115" /><testcase classname="backend.tests.test_iteration_18_price_changes.TestCelebrityPreviousWeekPrice" name="test_multiple_categories_have_previous_week_price" time="1.703" /><testcase classname="backend.tests.test_iteration_18_price_changes.TestHotCelebsWithPrices" name="test_hot_celebs_endpoint_returns_prices" time="0.149" /><testcase classname="backend.tests.test_iteration_18_price_changes.TestHotCelebsWithPrices" name="test_hot_celebs_have_news_premium" time="0.115" /><testcase classname="backend.tests.test_iteration_18_price_changes.TestPriceChangeCalculation" name="test_price_within_tier_ranges" time="0.137" /><testcase classname="backend.tests.test_iteration_18_price_changes.TestTeamCelebrityPriceChange" name="test_create_team_and_check_price_data" time="0.421" /><testcase classname="backend.tests.test_iteration_18_price_changes.TestPriceChangeIndicatorData" name="test_price_change_can_be_calculated" time="0.134" /></testsuite></testsuites>