<?xml version="1.0" encoding="utf-8"?><testsuites name="pytest tests"><testsuite name="pytest" errors="0" failures="2" skipped="0" tests="11" time="80.853" timestamp="2026-02-24T15:05:31.172678+00:00" hostname="agent-env-075598be-89d2-4ab8-91f8-9ecdfeb32332"><testcase classname="backend.tests.test_iteration_22_tier_price_consistency.TestAPIHealth" name="test_api_root" time="0.339" /><testcase classname="backend.tests.test_iteration_22_tier_price_consistency.TestAutocompleteEndpoint" name="test_daniel_radcliffe_tier_price" time="0.661" /><testcase classname="backend.tests.test_iteration_22_tier_price_consistency.TestAutocompleteEndpoint" name="test_rochelle_humes_tier_price" time="15.877" /><testcase classname="backend.tests.test_iteration_22_tier_price_consistency.TestAutocompleteEndpoint" name="test_pink_alias_returns_singer" time="16.139" /><testcase classname="backend.tests.test_iteration_22_tier_price_consistency.TestAutocompleteEndpoint" name="test_tier_price_consistency" time="5.997" /><testcase classname="backend.tests.test_iteration_22_tier_price_consistency.TestCelebritySearchEndpoint" name="test_pink_singer_search" time="8.821"><failure message="AssertionError: Pink (singer) should be A-list, got D - BUG: DB has incorrect tier&#10;assert 'D' == 'A'&#10;  &#10;  - A&#10;  + D">backend/tests/test_iteration_22_tier_price_consistency.py:172: in test_pink_singer_search
    assert tier == "A", f"Pink (singer) should be A-list, got {tier} - BUG: DB has incorrect tier"
E   AssertionError: Pink (singer) should be A-list, got D - BUG: DB has incorrect tier
E   assert 'D' == 'A'
E     
E     - A
E     + D</failure></testcase><testcase classname="backend.tests.test_iteration_22_tier_price_consistency.TestCelebritySearchEndpoint" name="test_daniel_radcliffe_search" time="0.164"><failure message="AssertionError: Daniel Radcliffe should be A-list, got B&#10;assert 'B' == 'A'&#10;  &#10;  - A&#10;  + B">backend/tests/test_iteration_22_tier_price_consistency.py:190: in test_daniel_radcliffe_search
    assert tier == "A", f"Daniel Radcliffe should be A-list, got {tier}"
E   AssertionError: Daniel Radcliffe should be A-list, got B
E   assert 'B' == 'A'
E     
E     - A
E     + B</failure></testcase><testcase classname="backend.tests.test_iteration_22_tier_price_consistency.TestHotCelebsEndpoint" name="test_hot_celebs_returns_data" time="0.134" /><testcase classname="backend.tests.test_iteration_22_tier_price_consistency.TestHotCelebsEndpoint" name="test_hot_celebs_tier_price_consistency" time="0.113" /><testcase classname="backend.tests.test_iteration_22_tier_price_consistency.TestPinkAliasMapping" name="test_pink_alias_in_autocomplete" time="16.207" /><testcase classname="backend.tests.test_iteration_22_tier_price_consistency.TestPinkAliasMapping" name="test_pnk_alias" time="16.330" /></testsuite></testsuites>