<?xml version="1.0" encoding="utf-8"?><testsuites name="pytest tests"><testsuite name="pytest" errors="0" failures="0" skipped="0" tests="13" time="7.382" timestamp="2026-02-21T01:40:05.828008+00:00" hostname="agent-env-b43d2d18-b6f1-47bf-b883-dc655a114a40"><testcase classname="backend.tests.test_iteration_12_features.TestWikidataHumanVerification" name="test_gucci_returns_only_humans" time="0.817" /><testcase classname="backend.tests.test_iteration_12_features.TestWikidataHumanVerification" name="test_lion_returns_only_humans" time="0.755" /><testcase classname="backend.tests.test_iteration_12_features.TestWikidataHumanVerification" name="test_beyonce_returns_human" time="0.681" /><testcase classname="backend.tests.test_iteration_12_features.TestWikidataHumanVerification" name="test_taylor_returns_all_humans" time="0.806" /><testcase classname="backend.tests.test_iteration_12_features.TestPriceHistoryAPI" name="test_price_history_by_name_endpoint" time="0.103" /><testcase classname="backend.tests.test_iteration_12_features.TestPriceHistoryAPI" name="test_price_history_by_id_endpoint" time="0.256" /><testcase classname="backend.tests.test_iteration_12_features.TestPriceHistoryAPI" name="test_price_history_not_found" time="0.180" /><testcase classname="backend.tests.test_iteration_12_features.TestPriceHistoryAPI" name="test_price_history_records_on_search" time="1.322" /><testcase classname="backend.tests.test_iteration_12_features.TestSearchFiltering" name="test_nike_returns_only_humans" time="1.237" /><testcase classname="backend.tests.test_iteration_12_features.TestSearchFiltering" name="test_tesla_filters_non_humans" time="0.741" /><testcase classname="backend.tests.test_iteration_12_features.TestAPIHealth" name="test_api_root" time="0.117" /><testcase classname="backend.tests.test_iteration_12_features.TestAPIHealth" name="test_trending_endpoint" time="0.126" /><testcase classname="backend.tests.test_iteration_12_features.TestAPIHealth" name="test_categories_endpoint" time="0.167" /></testsuite></testsuites>