<?xml version="1.0" encoding="utf-8"?><testsuites name="pytest tests"><testsuite name="pytest" errors="0" failures="0" skipped="0" tests="10" time="4.592" timestamp="2026-02-21T01:07:50.657039+00:00" hostname="agent-env-b43d2d18-b6f1-47bf-b883-dc655a114a40"><testcase classname="backend.tests.test_iteration_10_bug_fixes.TestSearchFilterLocations" name="test_leonard_returns_only_people" time="0.671" /><testcase classname="backend.tests.test_iteration_10_bug_fixes.TestSearchFilterLocations" name="test_georgia_returns_only_celebrities" time="0.681" /><testcase classname="backend.tests.test_iteration_10_bug_fixes.TestSearchFilterLocations" name="test_florence_returns_only_people" time="0.657" /><testcase classname="backend.tests.test_iteration_10_bug_fixes.TestSearchFilterLocations" name="test_victoria_returns_only_people" time="0.580" /><testcase classname="backend.tests.test_iteration_10_bug_fixes.TestHotCelebsPricing" name="test_hot_celebs_returns_data" time="0.330" /><testcase classname="backend.tests.test_iteration_10_bug_fixes.TestHotCelebsPricing" name="test_hot_celebs_prices_match_tiers" time="0.363" /><testcase classname="backend.tests.test_iteration_10_bug_fixes.TestHotCelebsPricing" name="test_hot_celebs_randomizes_on_refresh" time="0.670" /><testcase classname="backend.tests.test_iteration_10_bug_fixes.TestHotCelebsPricing" name="test_hot_celebs_has_required_fields" time="0.318" /><testcase classname="backend.tests.test_iteration_10_bug_fixes.TestPricingEndpoint" name="test_pricing_info_returns_correct_tiers" time="0.135" /><testcase classname="backend.tests.test_iteration_10_bug_fixes.TestTrendingTickerPrices" name="test_trending_celebrities_have_prices" time="0.125" /></testsuite></testsuites>