<?xml version="1.0" encoding="utf-8"?><testsuites name="pytest tests"><testsuite name="pytest" errors="0" failures="0" skipped="0" tests="18" time="4.227" timestamp="2026-02-21T00:11:25.424602+00:00" hostname="agent-env-20327f08-c0b6-494a-97e9-22231cb885e6"><testcase classname="backend.tests.test_iteration_9_features.TestStatsEndpoint" name="test_stats_returns_player_count" time="0.242" /><testcase classname="backend.tests.test_iteration_9_features.TestStatsEndpoint" name="test_stats_returns_transfer_window" time="0.115" /><testcase classname="backend.tests.test_iteration_9_features.TestStatsEndpoint" name="test_transfer_window_status_format" time="0.118" /><testcase classname="backend.tests.test_iteration_9_features.TestPricingEndpoint" name="test_pricing_info_returns_200" time="0.124" /><testcase classname="backend.tests.test_iteration_9_features.TestPricingEndpoint" name="test_pricing_info_has_tiers" time="0.113" /><testcase classname="backend.tests.test_iteration_9_features.TestPricingEndpoint" name="test_a_list_pricing" time="0.135" /><testcase classname="backend.tests.test_iteration_9_features.TestPricingEndpoint" name="test_b_list_pricing" time="0.126" /><testcase classname="backend.tests.test_iteration_9_features.TestPricingEndpoint" name="test_c_list_pricing" time="0.122" /><testcase classname="backend.tests.test_iteration_9_features.TestPricingEndpoint" name="test_d_list_pricing" time="0.102" /><testcase classname="backend.tests.test_iteration_9_features.TestPricingEndpoint" name="test_dynamic_pricing_info" time="0.133" /><testcase classname="backend.tests.test_iteration_9_features.TestPricingEndpoint" name="test_transfer_window_info" time="0.113" /><testcase classname="backend.tests.test_iteration_9_features.TestSearchFiltering" name="test_mariehamn_returns_no_results" time="0.423" /><testcase classname="backend.tests.test_iteration_9_features.TestSearchFiltering" name="test_ifk_mariehamn_returns_no_results" time="0.414" /><testcase classname="backend.tests.test_iteration_9_features.TestHotCelebs" name="test_hot_celebs_returns_200" time="0.395" /><testcase classname="backend.tests.test_iteration_9_features.TestHotCelebs" name="test_hot_celebs_has_images" time="0.399" /><testcase classname="backend.tests.test_iteration_9_features.TestHotCelebs" name="test_hot_celebs_have_real_photos" time="0.384" /><testcase classname="backend.tests.test_iteration_9_features.TestHotCelebs" name="test_hot_celebs_have_required_fields" time="0.345" /><testcase classname="backend.tests.test_iteration_9_features.TestDynamicPricing" name="test_price_within_tier_range" time="0.349" /></testsuite></testsuites>