<?xml version="1.0" encoding="utf-8"?><testsuites name="pytest tests"><testsuite name="pytest" errors="0" failures="1" skipped="0" tests="12" time="4.015" timestamp="2026-02-22T17:49:18.480974+00:00" hostname="agent-env-d2da2426-50c4-4d3f-a7c1-2fca4bd1cb73"><testcase classname="backend.tests.test_iteration_18_price_changes.TestPriceChangePreview" name="test_price_change_preview_endpoint_exists" time="0.203" /><testcase classname="backend.tests.test_iteration_18_price_changes.TestPriceChangePreview" name="test_price_change_preview_structure" time="0.163" /><testcase classname="backend.tests.test_iteration_18_price_changes.TestWeeklyPriceReset" name="test_weekly_price_reset_endpoint_exists" time="1.129" /><testcase classname="backend.tests.test_iteration_18_price_changes.TestWeeklyPriceReset" name="test_weekly_price_reset_summary_structure" time="1.080" /><testcase classname="backend.tests.test_iteration_18_price_changes.TestCelebrityPreviousWeekPrice" name="test_celebrity_search_includes_previous_week_price" time="0.118" /><testcase classname="backend.tests.test_iteration_18_price_changes.TestCelebrityPreviousWeekPrice" name="test_category_celebrities_include_previous_week_price" time="0.105"><failure message="AssertionError: Celebrity should have previous_week_price field&#10;assert 'previous_week_price' in {'bio': 'Melissa Viviane Jefferson, known professionally as Lizzo, is an American singer, rapper, songwriter, and actress. Born in Detroit, Michigan, she moved to Houston, Texas, with her family at the age of 10. After college, she moved to Minneapolis, Minnesota, where she began her recording career in hip-hop. Lizzo released two studio albums, Lizzobangers (2013) and Big Grrrl Small World (2015), before signing with Nice Life Recording Company and Atlantic Records. Her first major-label extended play (', 'buzz_score': 0, 'category': 'musicians', 'image': 'https://upload.wikimedia.org/wikipedia/commons/thumb/1/16/Lizzo_September_2025.png/330px-Lizzo_September_2025.png', ...}">backend/tests/test_iteration_18_price_changes.py:118: in test_category_celebrities_include_previous_week_price
    assert "previous_week_price" in celeb, "Celebrity should have previous_week_price field"
E   AssertionError: Celebrity should have previous_week_price field
E   assert 'previous_week_price' in {'bio': 'Melissa Viviane Jefferson, known professionally as Lizzo, is an American singer, rapper, songwriter, and actress. Born in Detroit, Michigan, she moved to Houston, Texas, with her family at the age of 10. After college, she moved to Minneapolis, Minnesota, where she began her recording career in hip-hop. Lizzo released two studio albums, Lizzobangers (2013) and Big Grrrl Small World (2015), before signing with Nice Life Recording Company and Atlantic Records. Her first major-label extended play (', 'buzz_score': 0, 'category': 'musicians', 'image': 'https://upload.wikimedia.org/wikipedia/commons/thumb/1/16/Lizzo_September_2025.png/330px-Lizzo_September_2025.png', ...}</failure></testcase><testcase classname="backend.tests.test_iteration_18_price_changes.TestCelebrityPreviousWeekPrice" name="test_multiple_categories_have_previous_week_price" time="0.336" /><testcase classname="backend.tests.test_iteration_18_price_changes.TestHotCelebsWithPrices" name="test_hot_celebs_endpoint_returns_prices" time="0.113" /><testcase classname="backend.tests.test_iteration_18_price_changes.TestHotCelebsWithPrices" name="test_hot_celebs_have_news_premium" time="0.104" /><testcase classname="backend.tests.test_iteration_18_price_changes.TestPriceChangeCalculation" name="test_price_within_tier_ranges" time="0.121" /><testcase classname="backend.tests.test_iteration_18_price_changes.TestTeamCelebrityPriceChange" name="test_create_team_and_check_price_data" time="0.371" /><testcase classname="backend.tests.test_iteration_18_price_changes.TestPriceChangeIndicatorData" name="test_price_change_can_be_calculated" time="0.104" /></testsuite></testsuites>