<?xml version="1.0" encoding="utf-8"?><testsuites name="pytest tests"><testsuite name="pytest" errors="0" failures="1" skipped="0" tests="10" time="1.391" timestamp="2026-02-22T21:35:59.366524+00:00" hostname="agent-env-33d94f6b-2c45-4976-b3c5-e7e6d81e1cdb"><testcase classname="backend.tests.test_iteration_19_auth_refactor.TestAuthRefactoring" name="test_auth_me_unauthenticated" time="0.192" /><testcase classname="backend.tests.test_iteration_19_auth_refactor.TestAuthRefactoring" name="test_auth_me_with_invalid_token" time="0.116" /><testcase classname="backend.tests.test_iteration_19_auth_refactor.TestCategoriesEndpoint" name="test_categories_returns_9_categories" time="0.149" /><testcase classname="backend.tests.test_iteration_19_auth_refactor.TestHotCelebsEndpoint" name="test_hot_celebs_returns_list" time="0.119" /><testcase classname="backend.tests.test_iteration_19_auth_refactor.TestHotCelebsEndpoint" name="test_hot_celebs_have_news_premium" time="0.130" /><testcase classname="backend.tests.test_iteration_19_auth_refactor.TestTransferWindowEndpoint" name="test_transfer_window_status" time="0.122" /><testcase classname="backend.tests.test_iteration_19_auth_refactor.TestHealthEndpoint" name="test_health_check" time="0.107"><failure message="AssertionError: Expected 200, got 404&#10;assert 404 == 200&#10; +  where 404 = &lt;Response [404]&gt;.status_code">backend/tests/test_iteration_19_auth_refactor.py:160: in test_health_check
    assert response.status_code == 200, f"Expected 200, got {response.status_code}"
E   AssertionError: Expected 200, got 404
E   assert 404 == 200
E    +  where 404 = &lt;Response [404]&gt;.status_code</failure></testcase><testcase classname="backend.tests.test_iteration_19_auth_refactor.TestAuthRouterIntegration" name="test_auth_logout_endpoint_exists" time="0.107" /><testcase classname="backend.tests.test_iteration_19_auth_refactor.TestAuthRouterIntegration" name="test_auth_magic_link_send_validation" time="0.112" /><testcase classname="backend.tests.test_iteration_19_auth_refactor.TestAuthRouterIntegration" name="test_auth_magic_link_send_valid_email" time="0.143" /></testsuite></testsuites>