<?xml version="1.0" encoding="utf-8"?><testsuites name="pytest tests"><testsuite name="pytest" errors="0" failures="0" skipped="0" tests="13" time="4.557" timestamp="2026-02-24T13:14:26.630872+00:00" hostname="agent-env-d905bcb5-6f51-4f84-b4da-07fd955ff01e"><testcase classname="backend.tests.test_iteration_21_recognition_score.TestBackendHealth" name="test_api_root_returns_info" time="0.187" /><testcase classname="backend.tests.test_iteration_21_recognition_score.TestBackendHealth" name="test_categories_endpoint" time="0.103" /><testcase classname="backend.tests.test_iteration_21_recognition_score.TestAutocompleteRecognitionScore" name="test_taylor_swift_has_recognition_score" time="0.623" /><testcase classname="backend.tests.test_iteration_21_recognition_score.TestAutocompleteRecognitionScore" name="test_db_matched_celebrity_has_recognition_score" time="1.455" /><testcase classname="backend.tests.test_iteration_21_recognition_score.TestAutocompleteRecognitionScore" name="test_partial_match_taylor_has_recognition_score" time="0.706" /><testcase classname="backend.tests.test_iteration_21_recognition_score.TestAutocompleteRecognitionScore" name="test_recognition_score_range" time="0.543" /><testcase classname="backend.tests.test_iteration_21_recognition_score.TestHotCelebs" name="test_hot_celebs_endpoint" time="0.100" /><testcase classname="backend.tests.test_iteration_21_recognition_score.TestHotCelebs" name="test_hot_celebs_have_images" time="0.104" /><testcase classname="backend.tests.test_iteration_21_recognition_score.TestTeamManagement" name="test_create_team" time="0.110" /><testcase classname="backend.tests.test_iteration_21_recognition_score.TestTeamManagement" name="test_get_team" time="0.239" /><testcase classname="backend.tests.test_iteration_21_recognition_score.TestCelebritySearch" name="test_search_celebrity" time="0.122" /><testcase classname="backend.tests.test_iteration_21_recognition_score.TestCelebritySearch" name="test_search_returns_tier" time="0.103" /><testcase classname="backend.tests.test_iteration_21_recognition_score.TestTransferWindow" name="test_transfer_window_status" time="0.097" /></testsuite></testsuites>