<?xml version="1.0" encoding="utf-8"?><testsuites name="pytest tests"><testsuite name="pytest" errors="0" failures="0" skipped="0" tests="10" time="4.856" timestamp="2026-02-21T01:24:23.437072+00:00" hostname="agent-env-b43d2d18-b6f1-47bf-b883-dc655a114a40"><testcase classname="backend.tests.test_iteration_11_features.TestSearchFiltering" name="test_search_gucci_returns_only_people" time="0.837" /><testcase classname="backend.tests.test_iteration_11_features.TestSearchFiltering" name="test_search_nike_returns_only_people" time="0.753" /><testcase classname="backend.tests.test_iteration_11_features.TestSearchFiltering" name="test_search_tesla_filters_cars" time="0.638" /><testcase classname="backend.tests.test_iteration_11_features.TestSearchFiltering" name="test_search_lion_returns_only_people" time="0.719" /><testcase classname="backend.tests.test_iteration_11_features.TestCategoryPricing" name="test_musicians_category_pricing" time="0.107" /><testcase classname="backend.tests.test_iteration_11_features.TestHotCelebs" name="test_hot_celebs_returns_data" time="0.339" /><testcase classname="backend.tests.test_iteration_11_features.TestTeamPanel" name="test_create_team_and_add_celebrity" time="1.028" /><testcase classname="backend.tests.test_iteration_11_features.TestAPIHealth" name="test_api_health" time="0.143" /><testcase classname="backend.tests.test_iteration_11_features.TestAPIHealth" name="test_categories_endpoint" time="0.105" /><testcase classname="backend.tests.test_iteration_11_features.TestAPIHealth" name="test_trending_endpoint" time="0.118" /></testsuite></testsuites>