<?xml version="1.0" encoding="utf-8"?><testsuites name="pytest tests"><testsuite name="pytest" errors="0" failures="0" skipped="0" tests="16" time="18.053" timestamp="2026-02-24T15:25:44.351837+00:00" hostname="agent-env-075598be-89d2-4ab8-91f8-9ecdfeb32332"><testcase classname="backend.tests.test_iteration_23_tier_price_consistency.TestAPIHealth" name="test_api_health" time="0.279" /><testcase classname="backend.tests.test_iteration_23_tier_price_consistency.TestAutocompleteEndpoint" name="test_michael_b_jordan_autocomplete" time="2.513" /><testcase classname="backend.tests.test_iteration_23_tier_price_consistency.TestAutocompleteEndpoint" name="test_daniel_radcliffe_autocomplete" time="0.860" /><testcase classname="backend.tests.test_iteration_23_tier_price_consistency.TestAutocompleteEndpoint" name="test_rochelle_humes_autocomplete" time="0.904" /><testcase classname="backend.tests.test_iteration_23_tier_price_consistency.TestAutocompleteEndpoint" name="test_pink_alias_autocomplete" time="1.245" /><testcase classname="backend.tests.test_iteration_23_tier_price_consistency.TestCelebritySearchEndpoint" name="test_michael_b_jordan_search" time="1.067" /><testcase classname="backend.tests.test_iteration_23_tier_price_consistency.TestCelebritySearchEndpoint" name="test_daniel_radcliffe_search" time="0.423" /><testcase classname="backend.tests.test_iteration_23_tier_price_consistency.TestCelebritySearchEndpoint" name="test_pink_singer_search" time="1.225" /><testcase classname="backend.tests.test_iteration_23_tier_price_consistency.TestCelebritySearchEndpoint" name="test_pink_alias_search" time="0.279" /><testcase classname="backend.tests.test_iteration_23_tier_price_consistency.TestHotCelebsEndpoint" name="test_hot_celebs_returns_data" time="0.246" /><testcase classname="backend.tests.test_iteration_23_tier_price_consistency.TestHotCelebsEndpoint" name="test_hot_celebs_tier_price_consistency" time="0.132" /><testcase classname="backend.tests.test_iteration_23_tier_price_consistency.TestCategoryEndpoint" name="test_movie_stars_category" time="1.467" /><testcase classname="backend.tests.test_iteration_23_tier_price_consistency.TestCategoryEndpoint" name="test_musicians_category" time="1.640" /><testcase classname="backend.tests.test_iteration_23_tier_price_consistency.TestAwardDetection" name="test_michael_b_jordan_not_a_list" time="0.639" /><testcase classname="backend.tests.test_iteration_23_tier_price_consistency.TestTierPriceConsistencyAcrossEndpoints" name="test_daniel_radcliffe_consistency" time="1.183" /><testcase classname="backend.tests.test_iteration_23_tier_price_consistency.TestTierPriceConsistencyAcrossEndpoints" name="test_michael_b_jordan_consistency" time="3.874" /></testsuite></testsuites>