<?xml version="1.0" encoding="utf-8"?><testsuites name="pytest tests"><testsuite name="pytest" errors="0" failures="0" skipped="0" tests="10" time="1.459" timestamp="2026-02-22T21:36:21.405474+00:00" hostname="agent-env-33d94f6b-2c45-4976-b3c5-e7e6d81e1cdb"><testcase classname="backend.tests.test_iteration_19_auth_refactor.TestAuthRefactoring" name="test_auth_me_unauthenticated" time="0.170" /><testcase classname="backend.tests.test_iteration_19_auth_refactor.TestAuthRefactoring" name="test_auth_me_with_invalid_token" time="0.181" /><testcase classname="backend.tests.test_iteration_19_auth_refactor.TestCategoriesEndpoint" name="test_categories_returns_9_categories" time="0.126" /><testcase classname="backend.tests.test_iteration_19_auth_refactor.TestHotCelebsEndpoint" name="test_hot_celebs_returns_list" time="0.119" /><testcase classname="backend.tests.test_iteration_19_auth_refactor.TestHotCelebsEndpoint" name="test_hot_celebs_have_news_premium" time="0.180" /><testcase classname="backend.tests.test_iteration_19_auth_refactor.TestTransferWindowEndpoint" name="test_transfer_window_status" time="0.116" /><testcase classname="backend.tests.test_iteration_19_auth_refactor.TestRootEndpoint" name="test_root_api" time="0.127" /><testcase classname="backend.tests.test_iteration_19_auth_refactor.TestAuthRouterIntegration" name="test_auth_logout_endpoint_exists" time="0.122" /><testcase classname="backend.tests.test_iteration_19_auth_refactor.TestAuthRouterIntegration" name="test_auth_magic_link_send_validation" time="0.126" /><testcase classname="backend.tests.test_iteration_19_auth_refactor.TestAuthRouterIntegration" name="test_auth_magic_link_send_valid_email" time="0.123" /></testsuite></testsuites>