<?xml version="1.0" encoding="utf-8"?><testsuites name="pytest tests"><testsuite name="pytest" errors="0" failures="0" skipped="0" tests="11" time="5.181" timestamp="2026-02-21T11:54:29.702230+00:00" hostname="agent-env-b43d2d18-b6f1-47bf-b883-dc655a114a40"><testcase classname="backend.tests.test_iteration_13_features.TestCategoryClassification" name="test_michael_caine_is_movie_star" time="0.151" /><testcase classname="backend.tests.test_iteration_13_features.TestCategoryClassification" name="test_ian_mckellen_is_movie_star" time="0.102" /><testcase classname="backend.tests.test_iteration_13_features.TestCategoryClassification" name="test_morgan_freeman_is_movie_star" time="0.125" /><testcase classname="backend.tests.test_iteration_13_features.TestHotCelebsPool" name="test_hot_celebs_endpoint_works" time="0.303" /><testcase classname="backend.tests.test_iteration_13_features.TestHotCelebsPool" name="test_new_celebs_in_pool" time="2.743" /><testcase classname="backend.tests.test_iteration_13_features.TestPriceConsistency" name="test_price_consistency_for_hot_celeb" time="0.422" /><testcase classname="backend.tests.test_iteration_13_features.TestHotCelebsStructure" name="test_hot_celeb_has_hot_reason" time="0.312" /><testcase classname="backend.tests.test_iteration_13_features.TestHotCelebsStructure" name="test_hot_celeb_has_image" time="0.356" /><testcase classname="backend.tests.test_iteration_13_features.TestHotCelebsStructure" name="test_hot_celeb_tier_and_price_valid" time="0.374" /><testcase classname="backend.tests.test_iteration_13_features.TestAPIHealth" name="test_api_root" time="0.099" /><testcase classname="backend.tests.test_iteration_13_features.TestAPIHealth" name="test_categories_endpoint" time="0.099" /></testsuite></testsuites>