<?xml version="1.0" encoding="utf-8"?><testsuites name="pytest tests"><testsuite name="pytest" errors="0" failures="0" skipped="0" tests="13" time="9.289" timestamp="2026-02-25T22:54:51.548874+00:00" hostname="agent-env-5afb517a-2f89-4b16-bff7-d388b1a31a0c"><testcase classname="backend.tests.test_iteration_24_features.TestPriceConsistency" name="test_api_health" time="0.217" /><testcase classname="backend.tests.test_iteration_24_features.TestPriceConsistency" name="test_taylor_swift_autocomplete" time="0.124" /><testcase classname="backend.tests.test_iteration_24_features.TestPriceConsistency" name="test_hot_celebs_endpoint" time="0.122" /><testcase classname="backend.tests.test_iteration_24_features.TestRoyalsCategory" name="test_royals_category_endpoint" time="0.109" /><testcase classname="backend.tests.test_iteration_24_features.TestRoyalsCategory" name="test_royals_multiple_requests" time="0.629" /><testcase classname="backend.tests.test_iteration_24_features.TestTVPersonalities" name="test_tv_personalities_category" time="0.115" /><testcase classname="backend.tests.test_iteration_24_features.TestTVPersonalities" name="test_tv_personalities_multiple_requests" time="0.705" /><testcase classname="backend.tests.test_iteration_24_features.TestBannedSearch" name="test_ninja_banned" time="2.936" /><testcase classname="backend.tests.test_iteration_24_features.TestBannedSearch" name="test_pewdiepie_banned" time="0.822" /><testcase classname="backend.tests.test_iteration_24_features.TestBannedSearch" name="test_mrbeast_banned" time="0.790" /><testcase classname="backend.tests.test_iteration_24_features.TestCelebrityCategorization" name="test_gary_lineker_in_athletes" time="0.818" /><testcase classname="backend.tests.test_iteration_24_features.TestCelebrityCategorization" name="test_victoria_beckham_in_musicians" time="1.031" /><testcase classname="backend.tests.test_iteration_24_features.TestSearchConsistency" name="test_search_and_category_price_match" time="0.773" /></testsuite></testsuites>