<?xml version="1.0" encoding="utf-8"?><testsuites name="pytest tests"><testsuite name="pytest" errors="0" failures="0" skipped="0" tests="8" time="1.043" timestamp="2026-02-21T17:24:45.675332+00:00" hostname="agent-env-e88c842a-da50-4b94-bbdd-67d20b901349"><testcase classname="backend.tests.test_iteration_16_auth.TestAuthEndpoints" name="test_auth_me_unauthenticated" time="0.129" /><testcase classname="backend.tests.test_iteration_16_auth.TestAuthEndpoints" name="test_auth_logout_without_session" time="0.115" /><testcase classname="backend.tests.test_iteration_16_auth.TestBasicEndpoints" name="test_categories_endpoint" time="0.105" /><testcase classname="backend.tests.test_iteration_16_auth.TestBasicEndpoints" name="test_celebrities_search" time="0.114" /><testcase classname="backend.tests.test_iteration_16_auth.TestBasicEndpoints" name="test_hot_celebs_endpoint" time="0.137" /><testcase classname="backend.tests.test_iteration_16_auth.TestBasicEndpoints" name="test_stats_endpoint" time="0.118" /><testcase classname="backend.tests.test_iteration_16_auth.TestMagicLinkEndpoint" name="test_magic_link_send_invalid_email" time="0.156" /><testcase classname="backend.tests.test_iteration_16_auth.TestMagicLinkEndpoint" name="test_magic_link_verify_invalid_token" time="0.112" /></testsuite></testsuites>