<?xml version="1.0" encoding="utf-8"?><testsuites name="pytest tests"><testsuite name="pytest" errors="0" failures="0" skipped="0" tests="7" time="15.016" timestamp="2026-02-21T12:06:08.153769+00:00" hostname="agent-env-b43d2d18-b6f1-47bf-b883-dc655a114a40"><testcase classname="backend.tests.test_iteration_14_price_fix.TestHotCelebsBanner" name="test_hot_celebs_endpoint_returns_data" time="0.478" /><testcase classname="backend.tests.test_iteration_14_price_fix.TestHotCelebsBanner" name="test_hot_celebs_have_required_fields" time="0.316" /><testcase classname="backend.tests.test_iteration_14_price_fix.TestPriceConsistency" name="test_search_celebrity_returns_price" time="0.116" /><testcase classname="backend.tests.test_iteration_14_price_fix.TestPriceConsistency" name="test_add_to_team_uses_same_price_as_search" time="6.858" /><testcase classname="backend.tests.test_iteration_14_price_fix.TestPriceConsistency" name="test_hot_celeb_price_matches_search_price" time="6.562" /><testcase classname="backend.tests.test_iteration_14_price_fix.TestBudgetDeduction" name="test_budget_deduction_matches_displayed_price" time="0.326" /><testcase classname="backend.tests.test_iteration_14_price_fix.TestLeonardoDiCaprioPriceFix" name="test_leonardo_dicaprio_price_consistency" time="0.295" /></testsuite></testsuites>