<?xml version="1.0" encoding="utf-8"?><testsuites name="pytest tests"><testsuite name="pytest" errors="0" failures="0" skipped="0" tests="8" time="2.605" timestamp="2026-02-21T12:17:56.238203+00:00" hostname="agent-env-ba96122d-82e4-4ec0-af32-273021b9d455"><testcase classname="backend.tests.test_iteration_15_ui_changes.TestHotCelebsBanner" name="test_hot_celebs_endpoint_returns_data" time="0.395" /><testcase classname="backend.tests.test_iteration_15_ui_changes.TestHotCelebsBanner" name="test_hot_celebs_prices_within_tier_ranges" time="0.395" /><testcase classname="backend.tests.test_iteration_15_ui_changes.TestTodaysNewsAPI" name="test_todays_news_endpoint_returns_data" time="0.099" /><testcase classname="backend.tests.test_iteration_15_ui_changes.TestTodaysNewsAPI" name="test_news_caching_returns_same_data" time="1.210" /><testcase classname="backend.tests.test_iteration_15_ui_changes.TestBasicAppFunctionality" name="test_categories_endpoint" time="0.109" /><testcase classname="backend.tests.test_iteration_15_ui_changes.TestBasicAppFunctionality" name="test_search_celebrity" time="0.101" /><testcase classname="backend.tests.test_iteration_15_ui_changes.TestBasicAppFunctionality" name="test_stats_endpoint" time="0.105" /><testcase classname="backend.tests.test_iteration_15_ui_changes.TestPricingInfo" name="test_pricing_info_endpoint" time="0.093" /></testsuite></testsuites>