<?xml version="1.0" encoding="utf-8"?><testsuites name="pytest tests"><testsuite name="pytest" errors="0" failures="8" skipped="0" tests="13" time="19.771" timestamp="2026-02-24T13:11:57.579366+00:00" hostname="agent-env-d905bcb5-6f51-4f84-b4da-07fd955ff01e"><testcase classname="backend.tests.test_iteration_21_recognition_score.TestBackendHealth" name="test_api_root_returns_info" time="0.275" /><testcase classname="backend.tests.test_iteration_21_recognition_score.TestBackendHealth" name="test_categories_endpoint" time="0.155"><failure message="AssertionError: assert False&#10; +  where False = isinstance({'categories': [{'icon': 'film', 'id': 'movie_stars', 'name': 'Movie Stars'}, {'icon': 'tv', 'id': 'tv_actors', 'name': 'TV Actors'}, {'icon': 'video', 'id': 'tv_personalities', 'name': 'TV Personalities'}, {'icon': 'music', 'id': 'musicians', 'name': 'Musicians'}, {'icon': 'trophy', 'id': 'athletes', 'name': 'Athletes'}, {'icon': 'crown', 'id': 'royals', 'name': 'Royals'}, ...]}, list)">backend/tests/test_iteration_21_recognition_score.py:34: in test_categories_endpoint
    assert isinstance(data, list)
E   AssertionError: assert False
E    +  where False = isinstance({'categories': [{'icon': 'film', 'id': 'movie_stars', 'name': 'Movie Stars'}, {'icon': 'tv', 'id': 'tv_actors', 'name': 'TV Actors'}, {'icon': 'video', 'id': 'tv_personalities', 'name': 'TV Personalities'}, {'icon': 'music', 'id': 'musicians', 'name': 'Musicians'}, {'icon': 'trophy', 'id': 'athletes', 'name': 'Athletes'}, {'icon': 'crown', 'id': 'royals', 'name': 'Royals'}, ...]}, list)</failure></testcase><testcase classname="backend.tests.test_iteration_21_recognition_score.TestAutocompleteRecognitionScore" name="test_taylor_swift_has_recognition_score" time="15.523" /><testcase classname="backend.tests.test_iteration_21_recognition_score.TestAutocompleteRecognitionScore" name="test_db_matched_celebrity_has_recognition_score" time="1.168" /><testcase classname="backend.tests.test_iteration_21_recognition_score.TestAutocompleteRecognitionScore" name="test_partial_match_taylor_has_recognition_score" time="1.156" /><testcase classname="backend.tests.test_iteration_21_recognition_score.TestAutocompleteRecognitionScore" name="test_recognition_score_range" time="0.584" /><testcase classname="backend.tests.test_iteration_21_recognition_score.TestHotCelebs" name="test_hot_celebs_endpoint" time="0.104"><failure message="AssertionError: assert False&#10; +  where False = isinstance({'hot_celebs': [{'base_price': 10.5, 'category': 'musicians', 'hot_reason': 'Vegas residency', 'image': 'https://upload.wikimedia.org/wikipedia/commons/thumb/7/7c/Adele_2016.jpg/330px-Adele_2016.jpg', ...}, {'base_price': 6.5, 'category': 'royals', 'hot_reason': 'Royal scandal &amp; legal battles', 'image': 'https://upload.wikimedia.org/wikipedia/commons/thumb/2/24/The_Duke_of_York_in_Belfast_%28cropped_3%29.jpg/330px-The_Duke_of_York_in_Belfast_%28cropped_3%29.jpg', ...}, {'base_price': 10.5, 'category': 'public_figure', 'hot_reason': 'Tech &amp; politics headlines', 'image': 'https://upload.wikimedia.org/wikipedia/commons/thumb/5/5e/Elon_Musk_-_54820081119_%28cropped%29.jpg/330px-Elon_Musk_-_54820081119_%28cropped%29.jpg', ...}, {'base_price': 10.5, 'category': 'movie_stars', 'hot_reason': 'Humanitarian &amp; acting', 'image': 'https://upload.wikimedia.org/wikipedia/commons/thumb/1/1f/Angelina_Jolie_at_the_2024_Toronto_International_Film_Festival_%28cropped%29.jpg/330px-Angelina_Jolie_at_the_2024_Toronto_International_Film_Festival_%28cropped%29.jpg', ...}, {'base_price': 10.5, 'category': 'athletes', 'hot_reason': 'F1 &amp; fashion', 'image': 'https://upload.wikimedia.org/wikipedia/commons/thumb/d/d3/Prime_Minister_Keir_Starmer_meets_Sir_Lewis_Hamilton_%2854566928382%29_%28cropped%29.jpg/330px-Prime_Minister_Keir_Starmer_meets_Sir_Lewis_Hamilton_%2854566928382%29_%28cropped%29.jpg', ...}, {'base_price': 3.0, 'category': 'reality_tv', 'hot_reason': 'Reality star', 'image': 'https://upload.wikimedia.org/wikipedia/commons/thumb/6/61/Gemma_Collins_by_Gemma_Collagen.jpg/330px-Gemma_Collins_by_Gemma_Collagen.jpg', ...}, ...]}, list)">backend/tests/test_iteration_21_recognition_score.py:118: in test_hot_celebs_endpoint
    assert isinstance(data, list)
E   AssertionError: assert False
E    +  where False = isinstance({'hot_celebs': [{'base_price': 10.5, 'category': 'musicians', 'hot_reason': 'Vegas residency', 'image': 'https://upload.wikimedia.org/wikipedia/commons/thumb/7/7c/Adele_2016.jpg/330px-Adele_2016.jpg', ...}, {'base_price': 6.5, 'category': 'royals', 'hot_reason': 'Royal scandal &amp; legal battles', 'image': 'https://upload.wikimedia.org/wikipedia/commons/thumb/2/24/The_Duke_of_York_in_Belfast_%28cropped_3%29.jpg/330px-The_Duke_of_York_in_Belfast_%28cropped_3%29.jpg', ...}, {'base_price': 10.5, 'category': 'public_figure', 'hot_reason': 'Tech &amp; politics headlines', 'image': 'https://upload.wikimedia.org/wikipedia/commons/thumb/5/5e/Elon_Musk_-_54820081119_%28cropped%29.jpg/330px-Elon_Musk_-_54820081119_%28cropped%29.jpg', ...}, {'base_price': 10.5, 'category': 'movie_stars', 'hot_reason': 'Humanitarian &amp; acting', 'image': 'https://upload.wikimedia.org/wikipedia/commons/thumb/1/1f/Angelina_Jolie_at_the_2024_Toronto_International_Film_Festival_%28cropped%29.jpg/330px-Angelina_Jolie_at_the_2024_Toronto_International_Film_Festival_%28cropped%29.jpg', ...}, {'base_price': 10.5, 'category': 'athletes', 'hot_reason': 'F1 &amp; fashion', 'image': 'https://upload.wikimedia.org/wikipedia/commons/thumb/d/d3/Prime_Minister_Keir_Starmer_meets_Sir_Lewis_Hamilton_%2854566928382%29_%28cropped%29.jpg/330px-Prime_Minister_Keir_Starmer_meets_Sir_Lewis_Hamilton_%2854566928382%29_%28cropped%29.jpg', ...}, {'base_price': 3.0, 'category': 'reality_tv', 'hot_reason': 'Reality star', 'image': 'https://upload.wikimedia.org/wikipedia/commons/thumb/6/61/Gemma_Collins_by_Gemma_Collagen.jpg/330px-Gemma_Collins_by_Gemma_Collagen.jpg', ...}, ...]}, list)</failure></testcase><testcase classname="backend.tests.test_iteration_21_recognition_score.TestHotCelebs" name="test_hot_celebs_have_images" time="0.106"><failure message="AttributeError: 'str' object has no attribute 'get'">backend/tests/test_iteration_21_recognition_score.py:135: in test_hot_celebs_have_images
    celebs_with_images = [c for c in data if c.get("image")]
                         ^^^^^^^^^^^^^^^^^^^^^^^^^^^^^^^^^^^
backend/tests/test_iteration_21_recognition_score.py:135: in &lt;listcomp&gt;
    celebs_with_images = [c for c in data if c.get("image")]
                                             ^^^^^
E   AttributeError: 'str' object has no attribute 'get'</failure></testcase><testcase classname="backend.tests.test_iteration_21_recognition_score.TestTeamManagement" name="test_create_team" time="0.108"><failure message="AssertionError: assert 'id' in {'team': {'badges': [], 'brown_bread_bonus': 0.0, 'budget_remaining': 50, 'celebrities': [], ...}}">backend/tests/test_iteration_21_recognition_score.py:150: in test_create_team
    assert "id" in data
E   AssertionError: assert 'id' in {'team': {'badges': [], 'brown_bread_bonus': 0.0, 'budget_remaining': 50, 'celebrities': [], ...}}</failure></testcase><testcase classname="backend.tests.test_iteration_21_recognition_score.TestTeamManagement" name="test_get_team" time="0.120"><failure message="KeyError: 'id'">backend/tests/test_iteration_21_recognition_score.py:166: in test_get_team
    team_id = create_response.json()["id"]
              ^^^^^^^^^^^^^^^^^^^^^^^^^^^^
E   KeyError: 'id'</failure></testcase><testcase classname="backend.tests.test_iteration_21_recognition_score.TestCelebritySearch" name="test_search_celebrity" time="0.115"><failure message="assert 520 == 200&#10; +  where 520 = &lt;Response [520]&gt;.status_code">backend/tests/test_iteration_21_recognition_score.py:186: in test_search_celebrity
    assert response.status_code == 200
E   assert 520 == 200
E    +  where 520 = &lt;Response [520]&gt;.status_code</failure></testcase><testcase classname="backend.tests.test_iteration_21_recognition_score.TestCelebritySearch" name="test_search_returns_tier" time="0.128"><failure message="assert 520 == 200&#10; +  where 520 = &lt;Response [520]&gt;.status_code">backend/tests/test_iteration_21_recognition_score.py:199: in test_search_returns_tier
    assert response.status_code == 200
E   assert 520 == 200
E    +  where 520 = &lt;Response [520]&gt;.status_code</failure></testcase><testcase classname="backend.tests.test_iteration_21_recognition_score.TestTransferWindow" name="test_transfer_window_status" time="0.118"><failure message="AssertionError: assert 'status' in {'current_day': 'Tuesday', 'is_open': False, 'message': 'Transfer window opens Sunday 12pm GMT', 'next_window': '2026-03-01T12:00:00+00:00'}">backend/tests/test_iteration_21_recognition_score.py:216: in test_transfer_window_status
    assert "status" in data
E   AssertionError: assert 'status' in {'current_day': 'Tuesday', 'is_open': False, 'message': 'Transfer window opens Sunday 12pm GMT', 'next_window': '2026-03-01T12:00:00+00:00'}</failure></testcase></testsuite></testsuites>