<?xml version="1.0" encoding="utf-8"?><testsuites name="pytest tests"><testsuite name="pytest" errors="0" failures="2" skipped="0" tests="12" time="2.066" timestamp="2026-02-22T23:25:26.858268+00:00" hostname="agent-env-a4ec1a2d-a74b-4acf-8816-44581a7f3af2"><testcase classname="backend.tests.test_news_fetching.TestCelebrityNewsAPI" name="test_david_beckham_returns_news" time="0.193" /><testcase classname="backend.tests.test_news_fetching.TestCelebrityNewsAPI" name="test_taylor_swift_returns_news" time="0.151" /><testcase classname="backend.tests.test_news_fetching.TestCelebrityNewsAPI" name="test_katie_price_returns_news" time="0.115" /><testcase classname="backend.tests.test_news_fetching.TestCelebrityNewsAPI" name="test_news_articles_have_required_fields" time="0.134" /><testcase classname="backend.tests.test_news_fetching.TestCelebrityNewsAPI" name="test_news_articles_have_urls" time="0.157" /><testcase classname="backend.tests.test_news_fetching.TestHotCelebsAPI" name="test_hot_celebs_returns_list" time="0.136" /><testcase classname="backend.tests.test_news_fetching.TestHotCelebsAPI" name="test_hot_celebs_have_required_fields" time="0.170" /><testcase classname="backend.tests.test_news_fetching.TestHotCelebsAPI" name="test_hot_celebs_have_images" time="0.153" /><testcase classname="backend.tests.test_news_fetching.TestCelebritySearchValidation" name="test_empty_name_returns_error" time="0.266"><failure message="AssertionError: Empty name should return error, got 404&#10;assert 404 in [400, 422]&#10; +  where 404 = &lt;Response [404]&gt;.status_code">backend/tests/test_news_fetching.py:170: in test_empty_name_returns_error
    assert response.status_code in [400, 422], f"Empty name should return error, got {response.status_code}"
E   AssertionError: Empty name should return error, got 404
E   assert 404 in [400, 422]
E    +  where 404 = &lt;Response [404]&gt;.status_code</failure></testcase><testcase classname="backend.tests.test_news_fetching.TestCelebritySearchValidation" name="test_whitespace_name_returns_error" time="0.230"><failure message="AssertionError: Whitespace name should return error, got 404&#10;assert 404 in [400, 422]&#10; +  where 404 = &lt;Response [404]&gt;.status_code">backend/tests/test_news_fetching.py:180: in test_whitespace_name_returns_error
    assert response.status_code in [400, 422], f"Whitespace name should return error, got {response.status_code}"
E   AssertionError: Whitespace name should return error, got 404
E   assert 404 in [400, 422]
E    +  where 404 = &lt;Response [404]&gt;.status_code</failure></testcase><testcase classname="backend.tests.test_news_fetching.TestCelebrityTierAndPricing" name="test_a_list_celebrity_has_correct_tier" time="0.128" /><testcase classname="backend.tests.test_news_fetching.TestCelebrityTierAndPricing" name="test_celebrity_has_price" time="0.130" /></testsuite></testsuites>