<?xml version="1.0" encoding="utf-8"?><testsuites name="pytest tests"><testsuite name="pytest" errors="0" failures="0" skipped="0" tests="16" time="5.358" timestamp="2026-02-26T00:34:42.447671+00:00" hostname="agent-env-0cf366f1-2b00-4421-ae77-5dacd3e30439"><testcase classname="backend.tests.test_iteration_25_strict_search.TestStrictSearch" name="test_partial_name_shak_returns_empty" time="0.269" /><testcase classname="backend.tests.test_iteration_25_strict_search.TestStrictSearch" name="test_partial_name_tom_returns_empty" time="0.197" /><testcase classname="backend.tests.test_iteration_25_strict_search.TestStrictSearch" name="test_partial_name_tay_returns_empty" time="0.147" /><testcase classname="backend.tests.test_iteration_25_strict_search.TestStrictSearch" name="test_partial_name_bey_returns_empty" time="0.115" /><testcase classname="backend.tests.test_iteration_25_strict_search.TestStrictSearch" name="test_full_name_shakira_returns_result" time="0.754" /><testcase classname="backend.tests.test_iteration_25_strict_search.TestStrictSearch" name="test_full_name_tom_hanks_returns_result" time="0.154" /><testcase classname="backend.tests.test_iteration_25_strict_search.TestStrictSearch" name="test_full_name_adele_returns_result" time="0.123" /><testcase classname="backend.tests.test_iteration_25_strict_search.TestStrictSearch" name="test_full_name_beyonce_returns_result" time="0.765" /><testcase classname="backend.tests.test_iteration_25_strict_search.TestStrictSearch" name="test_full_name_rihanna_returns_result" time="0.164" /><testcase classname="backend.tests.test_iteration_25_strict_search.TestRandomCategory" name="test_random_category_in_categories_list" time="0.130" /><testcase classname="backend.tests.test_iteration_25_strict_search.TestRandomCategory" name="test_random_category_returns_celebrities" time="0.134" /><testcase classname="backend.tests.test_iteration_25_strict_search.TestRandomCategory" name="test_random_category_returns_mixed_categories" time="0.116" /><testcase classname="backend.tests.test_iteration_25_strict_search.TestRandomCategory" name="test_random_category_returns_different_results_on_refresh" time="0.350" /><testcase classname="backend.tests.test_iteration_25_strict_search.TestSearchEdgeCases" name="test_single_character_returns_empty" time="0.112" /><testcase classname="backend.tests.test_iteration_25_strict_search.TestSearchEdgeCases" name="test_two_character_partial_returns_empty" time="0.155" /><testcase classname="backend.tests.test_iteration_25_strict_search.TestSearchEdgeCases" name="test_case_insensitive_full_name" time="1.592" /></testsuite></testsuites>