<?xml version="1.0" encoding="utf-8"?><testsuites name="pytest tests"><testsuite name="pytest" errors="0" failures="0" skipped="0" tests="10" time="8.639" timestamp="2026-02-20T19:22:33.233862+00:00" hostname="agent-env-c912327f-a792-4558-8c73-0df1a77d9829"><testcase classname="backend.tests.test_bug_fixes.TestAutocompleteImageFallback" name="test_autocomplete_returns_images_for_all_results" time="0.861" /><testcase classname="backend.tests.test_bug_fixes.TestAutocompleteImageFallback" name="test_autocomplete_fallback_for_generic_names" time="0.576" /><testcase classname="backend.tests.test_bug_fixes.TestAutocompleteImageFallback" name="test_autocomplete_short_query_returns_empty" time="0.121" /><testcase classname="backend.tests.test_bug_fixes.TestMinimumBuzzScore" name="test_buzz_score_minimum_for_new_celebrity" time="0.163" /><testcase classname="backend.tests.test_bug_fixes.TestMinimumBuzzScore" name="test_buzz_score_minimum_for_unknown_celebrity" time="5.998" /><testcase classname="backend.tests.test_bug_fixes.TestPointsMethodology" name="test_points_methodology_includes_brown_bread_bonus" time="0.202" /><testcase classname="backend.tests.test_bug_fixes.TestBrownBreadBonus" name="test_brown_bread_bonus_value_in_team_add" time="0.246" /><testcase classname="backend.tests.test_bug_fixes.TestAPIHealth" name="test_api_root" time="0.115" /><testcase classname="backend.tests.test_bug_fixes.TestAPIHealth" name="test_categories_endpoint" time="0.151" /><testcase classname="backend.tests.test_bug_fixes.TestAPIHealth" name="test_stats_endpoint" time="0.100" /></testsuite></testsuites>