<?xml version="1.0" encoding="utf-8"?><testsuites name="pytest tests"><testsuite name="pytest" errors="0" failures="0" skipped="0" tests="21" time="4.468" timestamp="2026-02-20T23:55:51.224953+00:00" hostname="agent-env-20327f08-c0b6-494a-97e9-22231cb885e6"><testcase classname="backend.tests.test_search_and_features.TestSearchAutocomplete" name="test_rihanna_returns_celebrity" time="0.483" /><testcase classname="backend.tests.test_search_and_features.TestSearchAutocomplete" name="test_beyonce_returns_celebrity" time="0.387" /><testcase classname="backend.tests.test_search_and_features.TestSearchAutocomplete" name="test_kanye_returns_celebrity" time="0.394" /><testcase classname="backend.tests.test_search_and_features.TestSearchAutocomplete" name="test_holly_returns_only_celebrities_not_plants" time="0.593" /><testcase classname="backend.tests.test_search_and_features.TestSearchAutocomplete" name="test_short_query_returns_empty" time="0.105" /><testcase classname="backend.tests.test_search_and_features.TestHotCelebsBanner" name="test_hot_celebs_endpoint_returns_200" time="0.120" /><testcase classname="backend.tests.test_search_and_features.TestHotCelebsBanner" name="test_hot_celebs_contains_expected_celebrities" time="0.103" /><testcase classname="backend.tests.test_search_and_features.TestHotCelebsBanner" name="test_hot_celebs_have_required_fields" time="0.131" /><testcase classname="backend.tests.test_search_and_features.TestHotCelebsBanner" name="test_hot_celebs_have_reasons" time="0.172" /><testcase classname="backend.tests.test_search_and_features.TestTodaysNews" name="test_todays_news_endpoint_returns_200" time="0.117" /><testcase classname="backend.tests.test_search_and_features.TestTodaysNews" name="test_todays_news_has_items" time="0.107" /><testcase classname="backend.tests.test_search_and_features.TestTodaysNews" name="test_todays_news_filters_gossip" time="0.127" /><testcase classname="backend.tests.test_search_and_features.TestTodaysNews" name="test_todays_news_has_required_fields" time="0.180" /><testcase classname="backend.tests.test_search_and_features.TestTeamCustomization" name="test_customization_options_endpoint_returns_200" time="0.125" /><testcase classname="backend.tests.test_search_and_features.TestTeamCustomization" name="test_customization_options_has_colors" time="0.111" /><testcase classname="backend.tests.test_search_and_features.TestTeamCustomization" name="test_customization_options_has_icons" time="0.098" /><testcase classname="backend.tests.test_search_and_features.TestTeamCustomization" name="test_customization_options_specific_colors" time="0.176" /><testcase classname="backend.tests.test_search_and_features.TestTeamCustomization" name="test_customization_options_specific_icons" time="0.116" /><testcase classname="backend.tests.test_search_and_features.TestLeagueEndpoints" name="test_create_team_for_league_tests" time="0.111" /><testcase classname="backend.tests.test_search_and_features.TestLeagueEndpoints" name="test_create_league" time="0.236" /><testcase classname="backend.tests.test_search_and_features.TestLeagueEndpoints" name="test_league_leaderboard" time="0.331" /></testsuite></testsuites>